{
  "C:/Users/Eylmz/WebstormProjects/epubsub/packages/core/src/main.test.ts": {
    "path": "C:/Users/Eylmz/WebstormProjects/epubsub/packages/core/src/main.test.ts",
    "statementMap": {
      "0": {
        "start": { "line": 11, "column": 0 },
        "end": { "line": 238, "column": null }
      },
      "1": {
        "start": { "line": 12, "column": 2 },
        "end": { "line": 15, "column": null }
      },
      "2": {
        "start": { "line": 14, "column": 4 },
        "end": { "line": 14, "column": null }
      },
      "3": {
        "start": { "line": 17, "column": 2 },
        "end": { "line": 54, "column": null }
      },
      "4": {
        "start": { "line": 18, "column": 4 },
        "end": { "line": 24, "column": null }
      },
      "5": {
        "start": { "line": 19, "column": 6 },
        "end": { "line": 19, "column": null }
      },
      "6": {
        "start": { "line": 21, "column": 6 },
        "end": { "line": 21, "column": null }
      },
      "7": {
        "start": { "line": 22, "column": 6 },
        "end": { "line": 22, "column": null }
      },
      "8": {
        "start": { "line": 23, "column": 6 },
        "end": { "line": 23, "column": null }
      },
      "9": {
        "start": { "line": 26, "column": 4 },
        "end": { "line": 36, "column": null }
      },
      "10": {
        "start": { "line": 27, "column": 6 },
        "end": { "line": 27, "column": null }
      },
      "11": {
        "start": { "line": 29, "column": 6 },
        "end": { "line": 29, "column": null }
      },
      "12": {
        "start": { "line": 30, "column": 6 },
        "end": { "line": 30, "column": null }
      },
      "13": {
        "start": { "line": 32, "column": 6 },
        "end": { "line": 32, "column": null }
      },
      "14": {
        "start": { "line": 33, "column": 6 },
        "end": { "line": 33, "column": null }
      },
      "15": {
        "start": { "line": 34, "column": 6 },
        "end": { "line": 34, "column": null }
      },
      "16": {
        "start": { "line": 35, "column": 6 },
        "end": { "line": 35, "column": null }
      },
      "17": {
        "start": { "line": 38, "column": 4 },
        "end": { "line": 53, "column": null }
      },
      "18": {
        "start": { "line": 39, "column": 6 },
        "end": { "line": 46, "column": null }
      },
      "19": {
        "start": { "line": 48, "column": 6 },
        "end": { "line": 48, "column": null }
      },
      "20": {
        "start": { "line": 50, "column": 6 },
        "end": { "line": 50, "column": null }
      },
      "21": {
        "start": { "line": 51, "column": 6 },
        "end": { "line": 51, "column": null }
      },
      "22": {
        "start": { "line": 52, "column": 6 },
        "end": { "line": 52, "column": null }
      },
      "23": {
        "start": { "line": 56, "column": 2 },
        "end": { "line": 70, "column": null }
      },
      "24": {
        "start": { "line": 57, "column": 4 },
        "end": { "line": 69, "column": null }
      },
      "25": {
        "start": { "line": 58, "column": 21 },
        "end": { "line": 58, "column": null }
      },
      "26": {
        "start": { "line": 59, "column": 27 },
        "end": { "line": 59, "column": null }
      },
      "27": {
        "start": { "line": 61, "column": 6 },
        "end": { "line": 61, "column": null }
      },
      "28": {
        "start": { "line": 62, "column": 6 },
        "end": { "line": 62, "column": null }
      },
      "29": {
        "start": { "line": 64, "column": 6 },
        "end": { "line": 64, "column": null }
      },
      "30": {
        "start": { "line": 65, "column": 6 },
        "end": { "line": 68, "column": null }
      },
      "31": {
        "start": { "line": 72, "column": 2 },
        "end": { "line": 102, "column": null }
      },
      "32": {
        "start": { "line": 73, "column": 4 },
        "end": { "line": 84, "column": null }
      },
      "33": {
        "start": { "line": 74, "column": 21 },
        "end": { "line": 74, "column": null }
      },
      "34": {
        "start": { "line": 75, "column": 28 },
        "end": { "line": 75, "column": null }
      },
      "35": {
        "start": { "line": 76, "column": 28 },
        "end": { "line": 76, "column": null }
      },
      "36": {
        "start": { "line": 78, "column": 6 },
        "end": { "line": 78, "column": null }
      },
      "37": {
        "start": { "line": 79, "column": 6 },
        "end": { "line": 79, "column": null }
      },
      "38": {
        "start": { "line": 80, "column": 6 },
        "end": { "line": 80, "column": null }
      },
      "39": {
        "start": { "line": 82, "column": 6 },
        "end": { "line": 82, "column": null }
      },
      "40": {
        "start": { "line": 83, "column": 6 },
        "end": { "line": 83, "column": null }
      },
      "41": {
        "start": { "line": 86, "column": 4 },
        "end": { "line": 101, "column": null }
      },
      "42": {
        "start": { "line": 87, "column": 21 },
        "end": { "line": 87, "column": null }
      },
      "43": {
        "start": { "line": 88, "column": 27 },
        "end": { "line": 88, "column": null }
      },
      "44": {
        "start": { "line": 90, "column": 6 },
        "end": { "line": 90, "column": null }
      },
      "45": {
        "start": { "line": 91, "column": 6 },
        "end": { "line": 91, "column": null }
      },
      "46": {
        "start": { "line": 92, "column": 6 },
        "end": { "line": 92, "column": null }
      },
      "47": {
        "start": { "line": 94, "column": 6 },
        "end": { "line": 94, "column": null }
      },
      "48": {
        "start": { "line": 95, "column": 6 },
        "end": { "line": 97, "column": null }
      },
      "49": {
        "start": { "line": 98, "column": 6 },
        "end": { "line": 100, "column": null }
      },
      "50": {
        "start": { "line": 104, "column": 2 },
        "end": { "line": 144, "column": null }
      },
      "51": {
        "start": { "line": 105, "column": 4 },
        "end": { "line": 120, "column": null }
      },
      "52": {
        "start": { "line": 106, "column": 21 },
        "end": { "line": 106, "column": null }
      },
      "53": {
        "start": { "line": 107, "column": 27 },
        "end": { "line": 107, "column": null }
      },
      "54": {
        "start": { "line": 109, "column": 6 },
        "end": { "line": 109, "column": null }
      },
      "55": {
        "start": { "line": 110, "column": 6 },
        "end": { "line": 110, "column": null }
      },
      "56": {
        "start": { "line": 111, "column": 6 },
        "end": { "line": 111, "column": null }
      },
      "57": {
        "start": { "line": 113, "column": 6 },
        "end": { "line": 113, "column": null }
      },
      "58": {
        "start": { "line": 114, "column": 6 },
        "end": { "line": 116, "column": null }
      },
      "59": {
        "start": { "line": 117, "column": 6 },
        "end": { "line": 119, "column": null }
      },
      "60": {
        "start": { "line": 122, "column": 4 },
        "end": { "line": 134, "column": null }
      },
      "61": {
        "start": { "line": 123, "column": 21 },
        "end": { "line": 123, "column": null }
      },
      "62": {
        "start": { "line": 124, "column": 27 },
        "end": { "line": 124, "column": null }
      },
      "63": {
        "start": { "line": 126, "column": 6 },
        "end": { "line": 126, "column": null }
      },
      "64": {
        "start": { "line": 127, "column": 6 },
        "end": { "line": 127, "column": null }
      },
      "65": {
        "start": { "line": 128, "column": 6 },
        "end": { "line": 128, "column": null }
      },
      "66": {
        "start": { "line": 130, "column": 6 },
        "end": { "line": 130, "column": null }
      },
      "67": {
        "start": { "line": 131, "column": 6 },
        "end": { "line": 133, "column": null }
      },
      "68": {
        "start": { "line": 136, "column": 4 },
        "end": { "line": 143, "column": null }
      },
      "69": {
        "start": { "line": 137, "column": 21 },
        "end": { "line": 137, "column": null }
      },
      "70": {
        "start": { "line": 138, "column": 27 },
        "end": { "line": 138, "column": null }
      },
      "71": {
        "start": { "line": 140, "column": 6 },
        "end": { "line": 140, "column": null }
      },
      "72": {
        "start": { "line": 142, "column": 6 },
        "end": { "line": 142, "column": null }
      },
      "73": {
        "start": { "line": 146, "column": 2 },
        "end": { "line": 210, "column": null }
      },
      "74": {
        "start": { "line": 147, "column": 4 },
        "end": { "line": 163, "column": null }
      },
      "75": {
        "start": { "line": 148, "column": 21 },
        "end": { "line": 148, "column": null }
      },
      "76": {
        "start": { "line": 149, "column": 27 },
        "end": { "line": 149, "column": null }
      },
      "77": {
        "start": { "line": 151, "column": 6 },
        "end": { "line": 151, "column": null }
      },
      "78": {
        "start": { "line": 153, "column": 6 },
        "end": { "line": 153, "column": null }
      },
      "79": {
        "start": { "line": 154, "column": 6 },
        "end": { "line": 154, "column": null }
      },
      "80": {
        "start": { "line": 156, "column": 6 },
        "end": { "line": 156, "column": null }
      },
      "81": {
        "start": { "line": 157, "column": 6 },
        "end": { "line": 159, "column": null }
      },
      "82": {
        "start": { "line": 160, "column": 6 },
        "end": { "line": 162, "column": null }
      },
      "83": {
        "start": { "line": 165, "column": 4 },
        "end": { "line": 186, "column": null }
      },
      "84": {
        "start": { "line": 166, "column": 21 },
        "end": { "line": 166, "column": null }
      },
      "85": {
        "start": { "line": 167, "column": 27 },
        "end": { "line": 167, "column": null }
      },
      "86": {
        "start": { "line": 169, "column": 6 },
        "end": { "line": 169, "column": null }
      },
      "87": {
        "start": { "line": 170, "column": 6 },
        "end": { "line": 170, "column": null }
      },
      "88": {
        "start": { "line": 172, "column": 6 },
        "end": { "line": 172, "column": null }
      },
      "89": {
        "start": { "line": 174, "column": 6 },
        "end": { "line": 174, "column": null }
      },
      "90": {
        "start": { "line": 176, "column": 6 },
        "end": { "line": 176, "column": null }
      },
      "91": {
        "start": { "line": 177, "column": 6 },
        "end": { "line": 179, "column": null }
      },
      "92": {
        "start": { "line": 180, "column": 6 },
        "end": { "line": 182, "column": null }
      },
      "93": {
        "start": { "line": 183, "column": 6 },
        "end": { "line": 185, "column": null }
      },
      "94": {
        "start": { "line": 188, "column": 4 },
        "end": { "line": 209, "column": null }
      },
      "95": {
        "start": { "line": 189, "column": 21 },
        "end": { "line": 189, "column": null }
      },
      "96": {
        "start": { "line": 190, "column": 27 },
        "end": { "line": 190, "column": null }
      },
      "97": {
        "start": { "line": 192, "column": 6 },
        "end": { "line": 192, "column": null }
      },
      "98": {
        "start": { "line": 193, "column": 6 },
        "end": { "line": 193, "column": null }
      },
      "99": {
        "start": { "line": 195, "column": 6 },
        "end": { "line": 195, "column": null }
      },
      "100": {
        "start": { "line": 197, "column": 6 },
        "end": { "line": 197, "column": null }
      },
      "101": {
        "start": { "line": 199, "column": 6 },
        "end": { "line": 199, "column": null }
      },
      "102": {
        "start": { "line": 200, "column": 6 },
        "end": { "line": 202, "column": null }
      },
      "103": {
        "start": { "line": 203, "column": 6 },
        "end": { "line": 205, "column": null }
      },
      "104": {
        "start": { "line": 206, "column": 6 },
        "end": { "line": 208, "column": null }
      },
      "105": {
        "start": { "line": 212, "column": 2 },
        "end": { "line": 237, "column": null }
      },
      "106": {
        "start": { "line": 213, "column": 4 },
        "end": { "line": 222, "column": null }
      },
      "107": {
        "start": { "line": 214, "column": 21 },
        "end": { "line": 214, "column": null }
      },
      "108": {
        "start": { "line": 215, "column": 27 },
        "end": { "line": 215, "column": null }
      },
      "109": {
        "start": { "line": 217, "column": 6 },
        "end": { "line": 217, "column": null }
      },
      "110": {
        "start": { "line": 218, "column": 6 },
        "end": { "line": 218, "column": null }
      },
      "111": {
        "start": { "line": 219, "column": 6 },
        "end": { "line": 219, "column": null }
      },
      "112": {
        "start": { "line": 221, "column": 6 },
        "end": { "line": 221, "column": null }
      },
      "113": {
        "start": { "line": 224, "column": 4 },
        "end": { "line": 236, "column": null }
      },
      "114": {
        "start": { "line": 225, "column": 21 },
        "end": { "line": 225, "column": null }
      },
      "115": {
        "start": { "line": 226, "column": 28 },
        "end": { "line": 226, "column": null }
      },
      "116": {
        "start": { "line": 227, "column": 28 },
        "end": { "line": 227, "column": null }
      },
      "117": {
        "start": { "line": 229, "column": 6 },
        "end": { "line": 229, "column": null }
      },
      "118": {
        "start": { "line": 230, "column": 6 },
        "end": { "line": 230, "column": null }
      },
      "119": {
        "start": { "line": 231, "column": 6 },
        "end": { "line": 231, "column": null }
      },
      "120": {
        "start": { "line": 232, "column": 6 },
        "end": { "line": 232, "column": null }
      },
      "121": {
        "start": { "line": 234, "column": 6 },
        "end": { "line": 234, "column": null }
      },
      "122": {
        "start": { "line": 235, "column": 6 },
        "end": { "line": 235, "column": null }
      }
    },
    "fnMap": {
      "0": {
        "name": "(anonymous_0)",
        "decl": {
          "start": { "line": 11, "column": 20 },
          "end": { "line": 11, "column": 26 }
        },
        "loc": {
          "start": { "line": 11, "column": 26 },
          "end": { "line": 238, "column": 1 }
        }
      },
      "1": {
        "name": "(anonymous_1)",
        "decl": {
          "start": { "line": 12, "column": 13 },
          "end": { "line": 12, "column": 19 }
        },
        "loc": {
          "start": { "line": 12, "column": 19 },
          "end": { "line": 15, "column": 3 }
        }
      },
      "2": {
        "name": "(anonymous_2)",
        "decl": {
          "start": { "line": 17, "column": 29 },
          "end": { "line": 17, "column": 35 }
        },
        "loc": {
          "start": { "line": 17, "column": 35 },
          "end": { "line": 54, "column": 3 }
        }
      },
      "3": {
        "name": "(anonymous_3)",
        "decl": {
          "start": { "line": 18, "column": 45 },
          "end": { "line": 18, "column": 51 }
        },
        "loc": {
          "start": { "line": 18, "column": 51 },
          "end": { "line": 24, "column": 5 }
        }
      },
      "4": {
        "name": "(anonymous_4)",
        "decl": {
          "start": { "line": 26, "column": 75 },
          "end": { "line": 26, "column": 81 }
        },
        "loc": {
          "start": { "line": 26, "column": 81 },
          "end": { "line": 36, "column": 5 }
        }
      },
      "5": {
        "name": "(anonymous_5)",
        "decl": {
          "start": { "line": 38, "column": 74 },
          "end": { "line": 38, "column": 80 }
        },
        "loc": {
          "start": { "line": 38, "column": 80 },
          "end": { "line": 53, "column": 5 }
        }
      },
      "6": {
        "name": "(anonymous_6)",
        "decl": {
          "start": { "line": 56, "column": 25 },
          "end": { "line": 56, "column": 31 }
        },
        "loc": {
          "start": { "line": 56, "column": 31 },
          "end": { "line": 70, "column": 3 }
        }
      },
      "7": {
        "name": "(anonymous_7)",
        "decl": {
          "start": { "line": 57, "column": 48 },
          "end": { "line": 57, "column": 54 }
        },
        "loc": {
          "start": { "line": 57, "column": 54 },
          "end": { "line": 69, "column": 5 }
        }
      },
      "8": {
        "name": "(anonymous_8)",
        "decl": {
          "start": { "line": 72, "column": 27 },
          "end": { "line": 72, "column": 33 }
        },
        "loc": {
          "start": { "line": 72, "column": 33 },
          "end": { "line": 102, "column": 3 }
        }
      },
      "9": {
        "name": "(anonymous_9)",
        "decl": {
          "start": { "line": 73, "column": 46 },
          "end": { "line": 73, "column": 52 }
        },
        "loc": {
          "start": { "line": 73, "column": 52 },
          "end": { "line": 84, "column": 5 }
        }
      },
      "10": {
        "name": "(anonymous_10)",
        "decl": {
          "start": { "line": 86, "column": 47 },
          "end": { "line": 86, "column": 53 }
        },
        "loc": {
          "start": { "line": 86, "column": 53 },
          "end": { "line": 101, "column": 5 }
        }
      },
      "11": {
        "name": "(anonymous_11)",
        "decl": {
          "start": { "line": 104, "column": 30 },
          "end": { "line": 104, "column": 36 }
        },
        "loc": {
          "start": { "line": 104, "column": 36 },
          "end": { "line": 144, "column": 3 }
        }
      },
      "12": {
        "name": "(anonymous_12)",
        "decl": {
          "start": { "line": 105, "column": 66 },
          "end": { "line": 105, "column": 72 }
        },
        "loc": {
          "start": { "line": 105, "column": 72 },
          "end": { "line": 120, "column": 5 }
        }
      },
      "13": {
        "name": "(anonymous_13)",
        "decl": {
          "start": { "line": 122, "column": 76 },
          "end": { "line": 122, "column": 82 }
        },
        "loc": {
          "start": { "line": 122, "column": 82 },
          "end": { "line": 134, "column": 5 }
        }
      },
      "14": {
        "name": "(anonymous_14)",
        "decl": {
          "start": { "line": 136, "column": 71 },
          "end": { "line": 136, "column": 77 }
        },
        "loc": {
          "start": { "line": 136, "column": 77 },
          "end": { "line": 143, "column": 5 }
        }
      },
      "15": {
        "name": "(anonymous_15)",
        "decl": {
          "start": { "line": 146, "column": 19 },
          "end": { "line": 146, "column": 25 }
        },
        "loc": {
          "start": { "line": 146, "column": 25 },
          "end": { "line": 210, "column": 3 }
        }
      },
      "16": {
        "name": "(anonymous_16)",
        "decl": {
          "start": { "line": 147, "column": 65 },
          "end": { "line": 147, "column": 71 }
        },
        "loc": {
          "start": { "line": 147, "column": 71 },
          "end": { "line": 163, "column": 5 }
        }
      },
      "17": {
        "name": "(anonymous_17)",
        "decl": {
          "start": { "line": 165, "column": 97 },
          "end": { "line": 165, "column": 103 }
        },
        "loc": {
          "start": { "line": 165, "column": 103 },
          "end": { "line": 186, "column": 5 }
        }
      },
      "18": {
        "name": "(anonymous_18)",
        "decl": {
          "start": { "line": 188, "column": 87 },
          "end": { "line": 188, "column": 93 }
        },
        "loc": {
          "start": { "line": 188, "column": 93 },
          "end": { "line": 209, "column": 5 }
        }
      },
      "19": {
        "name": "(anonymous_19)",
        "decl": {
          "start": { "line": 212, "column": 29 },
          "end": { "line": 212, "column": 35 }
        },
        "loc": {
          "start": { "line": 212, "column": 35 },
          "end": { "line": 237, "column": 3 }
        }
      },
      "20": {
        "name": "(anonymous_20)",
        "decl": {
          "start": { "line": 213, "column": 37 },
          "end": { "line": 213, "column": 43 }
        },
        "loc": {
          "start": { "line": 213, "column": 43 },
          "end": { "line": 222, "column": 5 }
        }
      },
      "21": {
        "name": "(anonymous_21)",
        "decl": {
          "start": { "line": 224, "column": 52 },
          "end": { "line": 224, "column": 58 }
        },
        "loc": {
          "start": { "line": 224, "column": 58 },
          "end": { "line": 236, "column": 5 }
        }
      }
    },
    "branchMap": {},
    "s": {
      "0": 1,
      "1": 1,
      "2": 14,
      "3": 1,
      "4": 1,
      "5": 1,
      "6": 1,
      "7": 1,
      "8": 1,
      "9": 1,
      "10": 1,
      "11": 1,
      "12": 1,
      "13": 1,
      "14": 1,
      "15": 1,
      "16": 1,
      "17": 1,
      "18": 1,
      "19": 1,
      "20": 1,
      "21": 1,
      "22": 1,
      "23": 1,
      "24": 1,
      "25": 1,
      "26": 1,
      "27": 1,
      "28": 1,
      "29": 1,
      "30": 1,
      "31": 1,
      "32": 1,
      "33": 1,
      "34": 1,
      "35": 1,
      "36": 1,
      "37": 1,
      "38": 1,
      "39": 1,
      "40": 1,
      "41": 1,
      "42": 1,
      "43": 1,
      "44": 1,
      "45": 1,
      "46": 1,
      "47": 1,
      "48": 1,
      "49": 1,
      "50": 1,
      "51": 1,
      "52": 1,
      "53": 1,
      "54": 1,
      "55": 1,
      "56": 1,
      "57": 1,
      "58": 1,
      "59": 1,
      "60": 1,
      "61": 1,
      "62": 1,
      "63": 1,
      "64": 1,
      "65": 1,
      "66": 1,
      "67": 1,
      "68": 1,
      "69": 1,
      "70": 1,
      "71": 1,
      "72": 1,
      "73": 1,
      "74": 1,
      "75": 1,
      "76": 1,
      "77": 1,
      "78": 1,
      "79": 1,
      "80": 1,
      "81": 1,
      "82": 1,
      "83": 1,
      "84": 1,
      "85": 1,
      "86": 1,
      "87": 1,
      "88": 1,
      "89": 1,
      "90": 1,
      "91": 1,
      "92": 1,
      "93": 1,
      "94": 1,
      "95": 1,
      "96": 1,
      "97": 1,
      "98": 1,
      "99": 1,
      "100": 1,
      "101": 1,
      "102": 1,
      "103": 1,
      "104": 1,
      "105": 1,
      "106": 1,
      "107": 1,
      "108": 1,
      "109": 1,
      "110": 1,
      "111": 1,
      "112": 1,
      "113": 1,
      "114": 1,
      "115": 1,
      "116": 1,
      "117": 1,
      "118": 1,
      "119": 1,
      "120": 1,
      "121": 1,
      "122": 1
    },
    "f": {
      "0": 1,
      "1": 14,
      "2": 1,
      "3": 1,
      "4": 1,
      "5": 1,
      "6": 1,
      "7": 1,
      "8": 1,
      "9": 1,
      "10": 1,
      "11": 1,
      "12": 1,
      "13": 1,
      "14": 1,
      "15": 1,
      "16": 1,
      "17": 1,
      "18": 1,
      "19": 1,
      "20": 1,
      "21": 1
    },
    "b": {}
  },
  "C:/Users/Eylmz/WebstormProjects/epubsub/packages/core/src/main.ts": {
    "path": "C:/Users/Eylmz/WebstormProjects/epubsub/packages/core/src/main.ts",
    "statementMap": {
      "0": {
        "start": { "line": 5, "column": 22 },
        "end": { "line": 5, "column": null }
      },
      "1": {
        "start": { "line": 6, "column": 21 },
        "end": { "line": 6, "column": null }
      },
      "2": {
        "start": { "line": 7, "column": 25 },
        "end": { "line": 7, "column": null }
      },
      "3": {
        "start": { "line": 13, "column": 8 },
        "end": { "line": 18, "column": null }
      },
      "4": {
        "start": { "line": 14, "column": 12 },
        "end": { "line": 17, "column": null }
      },
      "5": {
        "start": { "line": 20, "column": 8 },
        "end": { "line": 22, "column": null }
      },
      "6": {
        "start": { "line": 21, "column": 12 },
        "end": { "line": 21, "column": null }
      },
      "7": {
        "start": { "line": 24, "column": 8 },
        "end": { "line": 26, "column": null }
      },
      "8": {
        "start": { "line": 25, "column": 12 },
        "end": { "line": 25, "column": null }
      },
      "9": {
        "start": { "line": 30, "column": 8 },
        "end": { "line": 30, "column": null }
      },
      "10": {
        "start": { "line": 32, "column": 8 },
        "end": { "line": 32, "column": null }
      },
      "11": {
        "start": { "line": 33, "column": 8 },
        "end": { "line": 33, "column": null }
      },
      "12": {
        "start": { "line": 33, "column": 27 },
        "end": { "line": 33, "column": null }
      },
      "13": {
        "start": { "line": 34, "column": 8 },
        "end": { "line": 34, "column": null }
      },
      "14": {
        "start": { "line": 34, "column": 29 },
        "end": { "line": 34, "column": null }
      },
      "15": {
        "start": { "line": 37, "column": 43 },
        "end": { "line": 37, "column": null }
      },
      "16": {
        "start": { "line": 41, "column": 8 },
        "end": { "line": 41, "column": null }
      },
      "17": {
        "start": { "line": 45, "column": 8 },
        "end": { "line": 45, "column": null }
      },
      "18": {
        "start": { "line": 48, "column": 61 },
        "end": { "line": 48, "column": null }
      },
      "19": {
        "start": { "line": 52, "column": 8 },
        "end": { "line": 52, "column": null }
      },
      "20": {
        "start": { "line": 54, "column": 24 },
        "end": { "line": 54, "column": null }
      },
      "21": {
        "start": { "line": 55, "column": 8 },
        "end": { "line": 58, "column": null }
      },
      "22": {
        "start": { "line": 56, "column": 12 },
        "end": { "line": 56, "column": null }
      },
      "23": {
        "start": { "line": 56, "column": 41 },
        "end": { "line": 56, "column": 56 }
      },
      "24": {
        "start": { "line": 57, "column": 12 },
        "end": { "line": 57, "column": null }
      },
      "25": {
        "start": { "line": 57, "column": 40 },
        "end": { "line": 57, "column": null }
      },
      "26": {
        "start": { "line": 60, "column": 8 },
        "end": { "line": 66, "column": null }
      },
      "27": {
        "start": { "line": 61, "column": 30 },
        "end": { "line": 61, "column": null }
      },
      "28": {
        "start": { "line": 62, "column": 12 },
        "end": { "line": 65, "column": null }
      },
      "29": {
        "start": { "line": 63, "column": 16 },
        "end": { "line": 63, "column": null }
      },
      "30": {
        "start": { "line": 64, "column": 16 },
        "end": { "line": 64, "column": null }
      },
      "31": {
        "start": { "line": 68, "column": 8 },
        "end": { "line": 70, "column": null }
      },
      "32": {
        "start": { "line": 69, "column": 12 },
        "end": { "line": 69, "column": null }
      },
      "33": {
        "start": { "line": 74, "column": 8 },
        "end": { "line": 74, "column": null }
      },
      "34": {
        "start": { "line": 74, "column": 59 },
        "end": { "line": 74, "column": 89 }
      },
      "35": {
        "start": { "line": 78, "column": 22 },
        "end": { "line": 78, "column": null }
      },
      "36": {
        "start": { "line": 80, "column": 8 },
        "end": { "line": 86, "column": null }
      },
      "37": {
        "start": { "line": 81, "column": 12 },
        "end": { "line": 81, "column": null }
      },
      "38": {
        "start": { "line": 83, "column": 12 },
        "end": { "line": 85, "column": null }
      },
      "39": {
        "start": { "line": 84, "column": 16 },
        "end": { "line": 84, "column": null }
      },
      "40": {
        "start": { "line": 88, "column": 8 },
        "end": { "line": 88, "column": null }
      }
    },
    "fnMap": {
      "0": {
        "name": "(anonymous_0)",
        "decl": {
          "start": { "line": 12, "column": 4 },
          "end": { "line": 12, "column": 11 }
        },
        "loc": {
          "start": { "line": 12, "column": 18 },
          "end": { "line": 27, "column": null }
        }
      },
      "1": {
        "name": "(anonymous_1)",
        "decl": {
          "start": { "line": 29, "column": 4 },
          "end": { "line": 29, "column": 16 }
        },
        "loc": {
          "start": { "line": 29, "column": 35 },
          "end": { "line": 35, "column": null }
        }
      },
      "2": {
        "name": "(anonymous_2)",
        "decl": {
          "start": { "line": 37, "column": 4 },
          "end": { "line": 37, "column": 16 }
        },
        "loc": {
          "start": { "line": 37, "column": 42 },
          "end": { "line": 38, "column": null }
        }
      },
      "3": {
        "name": "(anonymous_3)",
        "decl": {
          "start": { "line": 40, "column": 4 },
          "end": { "line": 40, "column": 16 }
        },
        "loc": {
          "start": { "line": 40, "column": 51 },
          "end": { "line": 42, "column": null }
        }
      },
      "4": {
        "name": "(anonymous_4)",
        "decl": {
          "start": { "line": 44, "column": 4 },
          "end": { "line": 44, "column": 16 }
        },
        "loc": {
          "start": { "line": 44, "column": 48 },
          "end": { "line": 46, "column": null }
        }
      },
      "5": {
        "name": "(anonymous_5)",
        "decl": {
          "start": { "line": 48, "column": 4 },
          "end": { "line": 48, "column": 16 }
        },
        "loc": {
          "start": { "line": 48, "column": 60 },
          "end": { "line": 49, "column": null }
        }
      },
      "6": {
        "name": "(anonymous_6)",
        "decl": {
          "start": { "line": 51, "column": 4 },
          "end": { "line": 51, "column": 14 }
        },
        "loc": {
          "start": { "line": 51, "column": 100 },
          "end": { "line": 71, "column": null }
        }
      },
      "7": {
        "name": "(anonymous_7)",
        "decl": {
          "start": { "line": 56, "column": 32 },
          "end": { "line": 56, "column": 41 }
        },
        "loc": {
          "start": { "line": 56, "column": 41 },
          "end": { "line": 56, "column": 56 }
        }
      },
      "8": {
        "name": "(anonymous_8)",
        "decl": {
          "start": { "line": 73, "column": 4 },
          "end": { "line": 73, "column": 16 }
        },
        "loc": {
          "start": { "line": 73, "column": 65 },
          "end": { "line": 75, "column": null }
        }
      },
      "9": {
        "name": "(anonymous_9)",
        "decl": {
          "start": { "line": 74, "column": 47 },
          "end": { "line": 74, "column": 59 }
        },
        "loc": {
          "start": { "line": 74, "column": 59 },
          "end": { "line": 74, "column": 89 }
        }
      },
      "10": {
        "name": "(anonymous_10)",
        "decl": {
          "start": { "line": 77, "column": 4 },
          "end": { "line": 77, "column": 12 }
        },
        "loc": {
          "start": { "line": 77, "column": 27 },
          "end": { "line": 89, "column": null }
        }
      },
      "11": {
        "name": "(anonymous_11)",
        "decl": {
          "start": { "line": 80, "column": 31 },
          "end": { "line": 80, "column": 43 }
        },
        "loc": {
          "start": { "line": 80, "column": 43 },
          "end": { "line": 86, "column": 9 }
        }
      }
    },
    "branchMap": {
      "0": {
        "loc": {
          "start": { "line": 13, "column": 8 },
          "end": { "line": 18, "column": null }
        },
        "type": "if",
        "locations": [
          {
            "start": { "line": 13, "column": 8 },
            "end": { "line": 18, "column": null }
          },
          { "start": {}, "end": {} }
        ]
      },
      "1": {
        "loc": {
          "start": { "line": 20, "column": 8 },
          "end": { "line": 22, "column": null }
        },
        "type": "if",
        "locations": [
          {
            "start": { "line": 20, "column": 8 },
            "end": { "line": 22, "column": null }
          },
          { "start": {}, "end": {} }
        ]
      },
      "2": {
        "loc": {
          "start": { "line": 24, "column": 8 },
          "end": { "line": 26, "column": null }
        },
        "type": "if",
        "locations": [
          {
            "start": { "line": 24, "column": 8 },
            "end": { "line": 26, "column": null }
          },
          { "start": {}, "end": {} }
        ]
      },
      "3": {
        "loc": {
          "start": { "line": 33, "column": 8 },
          "end": { "line": 33, "column": null }
        },
        "type": "if",
        "locations": [
          {
            "start": { "line": 33, "column": 8 },
            "end": { "line": 33, "column": null }
          },
          { "start": {}, "end": {} }
        ]
      },
      "4": {
        "loc": {
          "start": { "line": 34, "column": 8 },
          "end": { "line": 34, "column": null }
        },
        "type": "if",
        "locations": [
          {
            "start": { "line": 34, "column": 8 },
            "end": { "line": 34, "column": null }
          },
          { "start": {}, "end": {} }
        ]
      },
      "5": {
        "loc": {
          "start": { "line": 51, "column": 57 },
          "end": { "line": 51, "column": 100 }
        },
        "type": "default-arg",
        "locations": [
          {
            "start": { "line": 51, "column": 90 },
            "end": { "line": 51, "column": 100 }
          }
        ]
      },
      "6": {
        "loc": {
          "start": { "line": 55, "column": 8 },
          "end": { "line": 58, "column": null }
        },
        "type": "if",
        "locations": [
          {
            "start": { "line": 55, "column": 8 },
            "end": { "line": 58, "column": null }
          },
          { "start": {}, "end": {} }
        ]
      },
      "7": {
        "loc": {
          "start": { "line": 57, "column": 12 },
          "end": { "line": 57, "column": null }
        },
        "type": "if",
        "locations": [
          {
            "start": { "line": 57, "column": 12 },
            "end": { "line": 57, "column": null }
          },
          { "start": {}, "end": {} }
        ]
      },
      "8": {
        "loc": {
          "start": { "line": 60, "column": 8 },
          "end": { "line": 66, "column": null }
        },
        "type": "if",
        "locations": [
          {
            "start": { "line": 60, "column": 8 },
            "end": { "line": 66, "column": null }
          },
          { "start": {}, "end": {} }
        ]
      },
      "9": {
        "loc": {
          "start": { "line": 62, "column": 12 },
          "end": { "line": 65, "column": null }
        },
        "type": "if",
        "locations": [
          {
            "start": { "line": 62, "column": 12 },
            "end": { "line": 65, "column": null }
          },
          { "start": {}, "end": {} }
        ]
      },
      "10": {
        "loc": {
          "start": { "line": 68, "column": 8 },
          "end": { "line": 70, "column": null }
        },
        "type": "if",
        "locations": [
          {
            "start": { "line": 68, "column": 8 },
            "end": { "line": 70, "column": null }
          },
          { "start": {}, "end": {} }
        ]
      },
      "11": {
        "loc": {
          "start": { "line": 68, "column": 12 },
          "end": { "line": 68, "column": 39 }
        },
        "type": "binary-expr",
        "locations": [
          {
            "start": { "line": 68, "column": 12 },
            "end": { "line": 68, "column": 28 }
          },
          {
            "start": { "line": 68, "column": 28 },
            "end": { "line": 68, "column": 39 }
          }
        ]
      },
      "12": {
        "loc": {
          "start": { "line": 83, "column": 12 },
          "end": { "line": 85, "column": null }
        },
        "type": "if",
        "locations": [
          {
            "start": { "line": 83, "column": 12 },
            "end": { "line": 85, "column": null }
          },
          { "start": {}, "end": {} }
        ]
      }
    },
    "s": {
      "0": 1,
      "1": 1,
      "2": 1,
      "3": 15,
      "4": 12,
      "5": 15,
      "6": 1,
      "7": 15,
      "8": 1,
      "9": 15,
      "10": 15,
      "11": 15,
      "12": 14,
      "13": 15,
      "14": 14,
      "15": 45,
      "16": 14,
      "17": 52,
      "18": 20,
      "19": 13,
      "20": 13,
      "21": 13,
      "22": 3,
      "23": 4,
      "24": 3,
      "25": 2,
      "26": 13,
      "27": 3,
      "28": 3,
      "29": 2,
      "30": 2,
      "31": 13,
      "32": 2,
      "33": 6,
      "34": 7,
      "35": 18,
      "36": 18,
      "37": 6,
      "38": 6,
      "39": 2,
      "40": 18
    },
    "f": {
      "0": 15,
      "1": 15,
      "2": 45,
      "3": 14,
      "4": 52,
      "5": 20,
      "6": 13,
      "7": 4,
      "8": 6,
      "9": 7,
      "10": 18,
      "11": 6
    },
    "b": {
      "0": [12, 3],
      "1": [1, 14],
      "2": [1, 14],
      "3": [14, 1],
      "4": [14, 1],
      "5": [6],
      "6": [3, 10],
      "7": [2, 1],
      "8": [3, 10],
      "9": [2, 1],
      "10": [2, 11],
      "11": [13, 4],
      "12": [2, 4]
    }
  }
}
