{
  "C:/Users/Eylmz/WebstormProjects/epubsub/packages/react/src/main.test.ts": {
    "path": "C:/Users/Eylmz/WebstormProjects/epubsub/packages/react/src/main.test.ts",
    "statementMap": {
      "0": {
        "start": { "line": 6, "column": 0 },
        "end": { "line": 21, "column": null }
      },
      "1": {
        "start": { "line": 7, "column": 2 },
        "end": { "line": 13, "column": null }
      },
      "2": {
        "start": { "line": 8, "column": 32 },
        "end": { "line": 8, "column": null }
      },
      "3": {
        "start": { "line": 8, "column": 49 },
        "end": { "line": 8, "column": 66 }
      },
      "4": {
        "start": { "line": 9, "column": 32 },
        "end": { "line": 9, "column": null }
      },
      "5": {
        "start": { "line": 9, "column": 49 },
        "end": { "line": 9, "column": 66 }
      },
      "6": {
        "start": { "line": 11, "column": 4 },
        "end": { "line": 11, "column": null }
      },
      "7": {
        "start": { "line": 12, "column": 4 },
        "end": { "line": 12, "column": null }
      },
      "8": {
        "start": { "line": 15, "column": 2 },
        "end": { "line": 20, "column": null }
      },
      "9": {
        "start": { "line": 16, "column": 32 },
        "end": { "line": 16, "column": null }
      },
      "10": {
        "start": { "line": 16, "column": 49 },
        "end": { "line": 16, "column": 67 }
      },
      "11": {
        "start": { "line": 17, "column": 32 },
        "end": { "line": 17, "column": null }
      },
      "12": {
        "start": { "line": 17, "column": 49 },
        "end": { "line": 17, "column": 67 }
      },
      "13": {
        "start": { "line": 19, "column": 4 },
        "end": { "line": 19, "column": null }
      },
      "14": {
        "start": { "line": 23, "column": 0 },
        "end": { "line": 41, "column": null }
      },
      "15": {
        "start": { "line": 24, "column": 2 },
        "end": { "line": 27, "column": null }
      },
      "16": {
        "start": { "line": 25, "column": 23 },
        "end": { "line": 25, "column": null }
      },
      "17": {
        "start": { "line": 25, "column": 40 },
        "end": { "line": 25, "column": 58 }
      },
      "18": {
        "start": { "line": 26, "column": 4 },
        "end": { "line": 26, "column": null }
      },
      "19": {
        "start": { "line": 29, "column": 2 },
        "end": { "line": 40, "column": null }
      },
      "20": {
        "start": { "line": 30, "column": 21 },
        "end": { "line": 30, "column": null }
      },
      "21": {
        "start": { "line": 31, "column": 38 },
        "end": { "line": 31, "column": null }
      },
      "22": {
        "start": { "line": 31, "column": 55 },
        "end": { "line": 31, "column": 81 }
      },
      "23": {
        "start": { "line": 32, "column": 40 },
        "end": { "line": 32, "column": null }
      },
      "24": {
        "start": { "line": 32, "column": 57 },
        "end": { "line": 32, "column": 85 }
      },
      "25": {
        "start": { "line": 34, "column": 4 },
        "end": { "line": 36, "column": null }
      },
      "26": {
        "start": { "line": 35, "column": 6 },
        "end": { "line": 35, "column": null }
      },
      "27": {
        "start": { "line": 38, "column": 4 },
        "end": { "line": 38, "column": null }
      },
      "28": {
        "start": { "line": 39, "column": 4 },
        "end": { "line": 39, "column": null }
      },
      "29": {
        "start": { "line": 43, "column": 0 },
        "end": { "line": 96, "column": null }
      },
      "30": {
        "start": { "line": 44, "column": 2 },
        "end": { "line": 47, "column": null }
      },
      "31": {
        "start": { "line": 46, "column": 4 },
        "end": { "line": 46, "column": null }
      },
      "32": {
        "start": { "line": 49, "column": 2 },
        "end": { "line": 61, "column": null }
      },
      "33": {
        "start": { "line": 50, "column": 40 },
        "end": { "line": 50, "column": null }
      },
      "34": {
        "start": { "line": 50, "column": 57 },
        "end": { "line": 50, "column": 85 }
      },
      "35": {
        "start": { "line": 51, "column": 38 },
        "end": { "line": 51, "column": null }
      },
      "36": {
        "start": { "line": 51, "column": 55 },
        "end": { "line": 51, "column": 81 }
      },
      "37": {
        "start": { "line": 53, "column": 4 },
        "end": { "line": 56, "column": null }
      },
      "38": {
        "start": { "line": 54, "column": 6 },
        "end": { "line": 54, "column": null }
      },
      "39": {
        "start": { "line": 55, "column": 6 },
        "end": { "line": 55, "column": null }
      },
      "40": {
        "start": { "line": 58, "column": 4 },
        "end": { "line": 58, "column": null }
      },
      "41": {
        "start": { "line": 59, "column": 4 },
        "end": { "line": 59, "column": null }
      },
      "42": {
        "start": { "line": 60, "column": 4 },
        "end": { "line": 60, "column": null }
      },
      "43": {
        "start": { "line": 63, "column": 2 },
        "end": { "line": 76, "column": null }
      },
      "44": {
        "start": { "line": 64, "column": 38 },
        "end": { "line": 64, "column": null }
      },
      "45": {
        "start": { "line": 64, "column": 55 },
        "end": { "line": 64, "column": 81 }
      },
      "46": {
        "start": { "line": 66, "column": 4 },
        "end": { "line": 68, "column": null }
      },
      "47": {
        "start": { "line": 67, "column": 6 },
        "end": { "line": 67, "column": null }
      },
      "48": {
        "start": { "line": 70, "column": 40 },
        "end": { "line": 72, "column": null }
      },
      "49": {
        "start": { "line": 71, "column": 6 },
        "end": { "line": 71, "column": null }
      },
      "50": {
        "start": { "line": 74, "column": 4 },
        "end": { "line": 74, "column": null }
      },
      "51": {
        "start": { "line": 75, "column": 4 },
        "end": { "line": 75, "column": null }
      },
      "52": {
        "start": { "line": 78, "column": 2 },
        "end": { "line": 95, "column": null }
      },
      "53": {
        "start": { "line": 79, "column": 38 },
        "end": { "line": 79, "column": null }
      },
      "54": {
        "start": { "line": 79, "column": 55 },
        "end": { "line": 79, "column": 81 }
      },
      "55": {
        "start": { "line": 80, "column": 49 },
        "end": { "line": 82, "column": null }
      },
      "56": {
        "start": { "line": 81, "column": 6 },
        "end": { "line": 81, "column": null }
      },
      "57": {
        "start": { "line": 84, "column": 4 },
        "end": { "line": 86, "column": null }
      },
      "58": {
        "start": { "line": 85, "column": 6 },
        "end": { "line": 85, "column": null }
      },
      "59": {
        "start": { "line": 88, "column": 4 },
        "end": { "line": 88, "column": null }
      },
      "60": {
        "start": { "line": 90, "column": 4 },
        "end": { "line": 92, "column": null }
      },
      "61": {
        "start": { "line": 91, "column": 6 },
        "end": { "line": 91, "column": null }
      },
      "62": {
        "start": { "line": 94, "column": 4 },
        "end": { "line": 94, "column": null }
      },
      "63": {
        "start": { "line": 98, "column": 0 },
        "end": { "line": 161, "column": null }
      },
      "64": {
        "start": { "line": 99, "column": 2 },
        "end": { "line": 101, "column": null }
      },
      "65": {
        "start": { "line": 100, "column": 4 },
        "end": { "line": 100, "column": null }
      },
      "66": {
        "start": { "line": 103, "column": 2 },
        "end": { "line": 113, "column": null }
      },
      "67": {
        "start": { "line": 104, "column": 40 },
        "end": { "line": 104, "column": null }
      },
      "68": {
        "start": { "line": 104, "column": 57 },
        "end": { "line": 104, "column": 91 }
      },
      "69": {
        "start": { "line": 105, "column": 38 },
        "end": { "line": 105, "column": null }
      },
      "70": {
        "start": { "line": 105, "column": 55 },
        "end": { "line": 105, "column": 81 }
      },
      "71": {
        "start": { "line": 107, "column": 4 },
        "end": { "line": 110, "column": null }
      },
      "72": {
        "start": { "line": 108, "column": 6 },
        "end": { "line": 108, "column": null }
      },
      "73": {
        "start": { "line": 109, "column": 6 },
        "end": { "line": 109, "column": null }
      },
      "74": {
        "start": { "line": 112, "column": 4 },
        "end": { "line": 112, "column": null }
      },
      "75": {
        "start": { "line": 115, "column": 2 },
        "end": { "line": 127, "column": null }
      },
      "76": {
        "start": { "line": 116, "column": 38 },
        "end": { "line": 116, "column": null }
      },
      "77": {
        "start": { "line": 116, "column": 55 },
        "end": { "line": 116, "column": 81 }
      },
      "78": {
        "start": { "line": 118, "column": 4 },
        "end": { "line": 120, "column": null }
      },
      "79": {
        "start": { "line": 119, "column": 6 },
        "end": { "line": 119, "column": null }
      },
      "80": {
        "start": { "line": 122, "column": 40 },
        "end": { "line": 124, "column": null }
      },
      "81": {
        "start": { "line": 123, "column": 6 },
        "end": { "line": 123, "column": null }
      },
      "82": {
        "start": { "line": 126, "column": 4 },
        "end": { "line": 126, "column": null }
      },
      "83": {
        "start": { "line": 129, "column": 2 },
        "end": { "line": 145, "column": null }
      },
      "84": {
        "start": { "line": 130, "column": 40 },
        "end": { "line": 130, "column": null }
      },
      "85": {
        "start": { "line": 130, "column": 57 },
        "end": { "line": 130, "column": 91 }
      },
      "86": {
        "start": { "line": 131, "column": 38 },
        "end": { "line": 131, "column": null }
      },
      "87": {
        "start": { "line": 131, "column": 55 },
        "end": { "line": 131, "column": 81 }
      },
      "88": {
        "start": { "line": 133, "column": 4 },
        "end": { "line": 135, "column": null }
      },
      "89": {
        "start": { "line": 134, "column": 6 },
        "end": { "line": 134, "column": null }
      },
      "90": {
        "start": { "line": 137, "column": 23 },
        "end": { "line": 137, "column": null }
      },
      "91": {
        "start": { "line": 139, "column": 4 },
        "end": { "line": 141, "column": null }
      },
      "92": {
        "start": { "line": 140, "column": 6 },
        "end": { "line": 140, "column": null }
      },
      "93": {
        "start": { "line": 143, "column": 4 },
        "end": { "line": 143, "column": null }
      },
      "94": {
        "start": { "line": 144, "column": 4 },
        "end": { "line": 144, "column": null }
      },
      "95": {
        "start": { "line": 147, "column": 2 },
        "end": { "line": 160, "column": null }
      },
      "96": {
        "start": { "line": 148, "column": 49 },
        "end": { "line": 150, "column": null }
      },
      "97": {
        "start": { "line": 149, "column": 6 },
        "end": { "line": 149, "column": null }
      },
      "98": {
        "start": { "line": 151, "column": 38 },
        "end": { "line": 151, "column": null }
      },
      "99": {
        "start": { "line": 151, "column": 55 },
        "end": { "line": 151, "column": 81 }
      },
      "100": {
        "start": { "line": 153, "column": 4 },
        "end": { "line": 153, "column": null }
      },
      "101": {
        "start": { "line": 155, "column": 4 },
        "end": { "line": 157, "column": null }
      },
      "102": {
        "start": { "line": 156, "column": 6 },
        "end": { "line": 156, "column": null }
      },
      "103": {
        "start": { "line": 159, "column": 4 },
        "end": { "line": 159, "column": null }
      }
    },
    "fnMap": {
      "0": {
        "name": "(anonymous_0)",
        "decl": {
          "start": { "line": 6, "column": 22 },
          "end": { "line": 6, "column": 28 }
        },
        "loc": {
          "start": { "line": 6, "column": 28 },
          "end": { "line": 21, "column": 1 }
        }
      },
      "1": {
        "name": "(anonymous_1)",
        "decl": {
          "start": { "line": 7, "column": 43 },
          "end": { "line": 7, "column": 49 }
        },
        "loc": {
          "start": { "line": 7, "column": 49 },
          "end": { "line": 13, "column": 3 }
        }
      },
      "2": {
        "name": "(anonymous_2)",
        "decl": {
          "start": { "line": 8, "column": 43 },
          "end": { "line": 8, "column": 49 }
        },
        "loc": {
          "start": { "line": 8, "column": 49 },
          "end": { "line": 8, "column": 66 }
        }
      },
      "3": {
        "name": "(anonymous_3)",
        "decl": {
          "start": { "line": 9, "column": 43 },
          "end": { "line": 9, "column": 49 }
        },
        "loc": {
          "start": { "line": 9, "column": 49 },
          "end": { "line": 9, "column": 66 }
        }
      },
      "4": {
        "name": "(anonymous_4)",
        "decl": {
          "start": { "line": 15, "column": 69 },
          "end": { "line": 15, "column": 75 }
        },
        "loc": {
          "start": { "line": 15, "column": 75 },
          "end": { "line": 20, "column": 3 }
        }
      },
      "5": {
        "name": "(anonymous_5)",
        "decl": {
          "start": { "line": 16, "column": 43 },
          "end": { "line": 16, "column": 49 }
        },
        "loc": {
          "start": { "line": 16, "column": 49 },
          "end": { "line": 16, "column": 67 }
        }
      },
      "6": {
        "name": "(anonymous_6)",
        "decl": {
          "start": { "line": 17, "column": 43 },
          "end": { "line": 17, "column": 49 }
        },
        "loc": {
          "start": { "line": 17, "column": 49 },
          "end": { "line": 17, "column": 67 }
        }
      },
      "7": {
        "name": "(anonymous_7)",
        "decl": {
          "start": { "line": 23, "column": 23 },
          "end": { "line": 23, "column": 29 }
        },
        "loc": {
          "start": { "line": 23, "column": 29 },
          "end": { "line": 41, "column": 1 }
        }
      },
      "8": {
        "name": "(anonymous_8)",
        "decl": {
          "start": { "line": 24, "column": 41 },
          "end": { "line": 24, "column": 47 }
        },
        "loc": {
          "start": { "line": 24, "column": 47 },
          "end": { "line": 27, "column": 3 }
        }
      },
      "9": {
        "name": "(anonymous_9)",
        "decl": {
          "start": { "line": 25, "column": 34 },
          "end": { "line": 25, "column": 40 }
        },
        "loc": {
          "start": { "line": 25, "column": 40 },
          "end": { "line": 25, "column": 58 }
        }
      },
      "10": {
        "name": "(anonymous_10)",
        "decl": {
          "start": { "line": 29, "column": 45 },
          "end": { "line": 29, "column": 51 }
        },
        "loc": {
          "start": { "line": 29, "column": 51 },
          "end": { "line": 40, "column": 3 }
        }
      },
      "11": {
        "name": "(anonymous_11)",
        "decl": {
          "start": { "line": 31, "column": 49 },
          "end": { "line": 31, "column": 55 }
        },
        "loc": {
          "start": { "line": 31, "column": 55 },
          "end": { "line": 31, "column": 81 }
        }
      },
      "12": {
        "name": "(anonymous_12)",
        "decl": {
          "start": { "line": 32, "column": 51 },
          "end": { "line": 32, "column": 57 }
        },
        "loc": {
          "start": { "line": 32, "column": 57 },
          "end": { "line": 32, "column": 85 }
        }
      },
      "13": {
        "name": "(anonymous_13)",
        "decl": {
          "start": { "line": 34, "column": 8 },
          "end": { "line": 34, "column": 14 }
        },
        "loc": {
          "start": { "line": 34, "column": 14 },
          "end": { "line": 36, "column": 5 }
        }
      },
      "14": {
        "name": "(anonymous_14)",
        "decl": {
          "start": { "line": 43, "column": 25 },
          "end": { "line": 43, "column": 31 }
        },
        "loc": {
          "start": { "line": 43, "column": 31 },
          "end": { "line": 96, "column": 1 }
        }
      },
      "15": {
        "name": "(anonymous_15)",
        "decl": {
          "start": { "line": 44, "column": 13 },
          "end": { "line": 44, "column": 19 }
        },
        "loc": {
          "start": { "line": 44, "column": 19 },
          "end": { "line": 47, "column": 3 }
        }
      },
      "16": {
        "name": "(anonymous_16)",
        "decl": {
          "start": { "line": 49, "column": 42 },
          "end": { "line": 49, "column": 48 }
        },
        "loc": {
          "start": { "line": 49, "column": 48 },
          "end": { "line": 61, "column": 3 }
        }
      },
      "17": {
        "name": "(anonymous_17)",
        "decl": {
          "start": { "line": 50, "column": 51 },
          "end": { "line": 50, "column": 57 }
        },
        "loc": {
          "start": { "line": 50, "column": 57 },
          "end": { "line": 50, "column": 85 }
        }
      },
      "18": {
        "name": "(anonymous_18)",
        "decl": {
          "start": { "line": 51, "column": 49 },
          "end": { "line": 51, "column": 55 }
        },
        "loc": {
          "start": { "line": 51, "column": 55 },
          "end": { "line": 51, "column": 81 }
        }
      },
      "19": {
        "name": "(anonymous_19)",
        "decl": {
          "start": { "line": 53, "column": 8 },
          "end": { "line": 53, "column": 14 }
        },
        "loc": {
          "start": { "line": 53, "column": 14 },
          "end": { "line": 56, "column": 5 }
        }
      },
      "20": {
        "name": "(anonymous_20)",
        "decl": {
          "start": { "line": 63, "column": 64 },
          "end": { "line": 63, "column": 70 }
        },
        "loc": {
          "start": { "line": 63, "column": 70 },
          "end": { "line": 76, "column": 3 }
        }
      },
      "21": {
        "name": "(anonymous_21)",
        "decl": {
          "start": { "line": 64, "column": 49 },
          "end": { "line": 64, "column": 55 }
        },
        "loc": {
          "start": { "line": 64, "column": 55 },
          "end": { "line": 64, "column": 81 }
        }
      },
      "22": {
        "name": "(anonymous_22)",
        "decl": {
          "start": { "line": 66, "column": 8 },
          "end": { "line": 66, "column": 14 }
        },
        "loc": {
          "start": { "line": 66, "column": 14 },
          "end": { "line": 68, "column": 5 }
        }
      },
      "23": {
        "name": "(anonymous_23)",
        "decl": {
          "start": { "line": 70, "column": 51 },
          "end": { "line": 70, "column": null }
        },
        "loc": {
          "start": { "line": 71, "column": 6 },
          "end": { "line": 71, "column": null }
        }
      },
      "24": {
        "name": "(anonymous_24)",
        "decl": {
          "start": { "line": 78, "column": 40 },
          "end": { "line": 78, "column": 46 }
        },
        "loc": {
          "start": { "line": 78, "column": 46 },
          "end": { "line": 95, "column": 3 }
        }
      },
      "25": {
        "name": "(anonymous_25)",
        "decl": {
          "start": { "line": 79, "column": 49 },
          "end": { "line": 79, "column": 55 }
        },
        "loc": {
          "start": { "line": 79, "column": 55 },
          "end": { "line": 79, "column": 81 }
        }
      },
      "26": {
        "name": "(anonymous_26)",
        "decl": {
          "start": { "line": 80, "column": 60 },
          "end": { "line": 80, "column": null }
        },
        "loc": {
          "start": { "line": 81, "column": 6 },
          "end": { "line": 81, "column": null }
        }
      },
      "27": {
        "name": "(anonymous_27)",
        "decl": {
          "start": { "line": 84, "column": 8 },
          "end": { "line": 84, "column": 14 }
        },
        "loc": {
          "start": { "line": 84, "column": 14 },
          "end": { "line": 86, "column": 5 }
        }
      },
      "28": {
        "name": "(anonymous_28)",
        "decl": {
          "start": { "line": 90, "column": 8 },
          "end": { "line": 90, "column": 14 }
        },
        "loc": {
          "start": { "line": 90, "column": 14 },
          "end": { "line": 92, "column": 5 }
        }
      },
      "29": {
        "name": "(anonymous_29)",
        "decl": {
          "start": { "line": 98, "column": 31 },
          "end": { "line": 98, "column": 37 }
        },
        "loc": {
          "start": { "line": 98, "column": 37 },
          "end": { "line": 161, "column": 1 }
        }
      },
      "30": {
        "name": "(anonymous_30)",
        "decl": {
          "start": { "line": 99, "column": 13 },
          "end": { "line": 99, "column": 19 }
        },
        "loc": {
          "start": { "line": 99, "column": 19 },
          "end": { "line": 101, "column": 3 }
        }
      },
      "31": {
        "name": "(anonymous_31)",
        "decl": {
          "start": { "line": 103, "column": 40 },
          "end": { "line": 103, "column": 46 }
        },
        "loc": {
          "start": { "line": 103, "column": 46 },
          "end": { "line": 113, "column": 3 }
        }
      },
      "32": {
        "name": "(anonymous_32)",
        "decl": {
          "start": { "line": 104, "column": 51 },
          "end": { "line": 104, "column": 57 }
        },
        "loc": {
          "start": { "line": 104, "column": 57 },
          "end": { "line": 104, "column": 91 }
        }
      },
      "33": {
        "name": "(anonymous_33)",
        "decl": {
          "start": { "line": 105, "column": 49 },
          "end": { "line": 105, "column": 55 }
        },
        "loc": {
          "start": { "line": 105, "column": 55 },
          "end": { "line": 105, "column": 81 }
        }
      },
      "34": {
        "name": "(anonymous_34)",
        "decl": {
          "start": { "line": 107, "column": 8 },
          "end": { "line": 107, "column": 14 }
        },
        "loc": {
          "start": { "line": 107, "column": 14 },
          "end": { "line": 110, "column": 5 }
        }
      },
      "35": {
        "name": "(anonymous_35)",
        "decl": {
          "start": { "line": 115, "column": 49 },
          "end": { "line": 115, "column": 55 }
        },
        "loc": {
          "start": { "line": 115, "column": 55 },
          "end": { "line": 127, "column": 3 }
        }
      },
      "36": {
        "name": "(anonymous_36)",
        "decl": {
          "start": { "line": 116, "column": 49 },
          "end": { "line": 116, "column": 55 }
        },
        "loc": {
          "start": { "line": 116, "column": 55 },
          "end": { "line": 116, "column": 81 }
        }
      },
      "37": {
        "name": "(anonymous_37)",
        "decl": {
          "start": { "line": 118, "column": 8 },
          "end": { "line": 118, "column": 14 }
        },
        "loc": {
          "start": { "line": 118, "column": 14 },
          "end": { "line": 120, "column": 5 }
        }
      },
      "38": {
        "name": "(anonymous_38)",
        "decl": {
          "start": { "line": 122, "column": 51 },
          "end": { "line": 122, "column": null }
        },
        "loc": {
          "start": { "line": 123, "column": 6 },
          "end": { "line": 123, "column": null }
        }
      },
      "39": {
        "name": "(anonymous_39)",
        "decl": {
          "start": { "line": 129, "column": 57 },
          "end": { "line": 129, "column": 63 }
        },
        "loc": {
          "start": { "line": 129, "column": 63 },
          "end": { "line": 145, "column": 3 }
        }
      },
      "40": {
        "name": "(anonymous_40)",
        "decl": {
          "start": { "line": 130, "column": 51 },
          "end": { "line": 130, "column": 57 }
        },
        "loc": {
          "start": { "line": 130, "column": 57 },
          "end": { "line": 130, "column": 91 }
        }
      },
      "41": {
        "name": "(anonymous_41)",
        "decl": {
          "start": { "line": 131, "column": 49 },
          "end": { "line": 131, "column": 55 }
        },
        "loc": {
          "start": { "line": 131, "column": 55 },
          "end": { "line": 131, "column": 81 }
        }
      },
      "42": {
        "name": "(anonymous_42)",
        "decl": {
          "start": { "line": 133, "column": 8 },
          "end": { "line": 133, "column": 14 }
        },
        "loc": {
          "start": { "line": 133, "column": 14 },
          "end": { "line": 135, "column": 5 }
        }
      },
      "43": {
        "name": "(anonymous_43)",
        "decl": {
          "start": { "line": 139, "column": 8 },
          "end": { "line": 139, "column": 14 }
        },
        "loc": {
          "start": { "line": 139, "column": 14 },
          "end": { "line": 141, "column": 5 }
        }
      },
      "44": {
        "name": "(anonymous_44)",
        "decl": {
          "start": { "line": 147, "column": 40 },
          "end": { "line": 147, "column": 46 }
        },
        "loc": {
          "start": { "line": 147, "column": 46 },
          "end": { "line": 160, "column": 3 }
        }
      },
      "45": {
        "name": "(anonymous_45)",
        "decl": {
          "start": { "line": 148, "column": 60 },
          "end": { "line": 148, "column": null }
        },
        "loc": {
          "start": { "line": 149, "column": 6 },
          "end": { "line": 149, "column": null }
        }
      },
      "46": {
        "name": "(anonymous_46)",
        "decl": {
          "start": { "line": 151, "column": 49 },
          "end": { "line": 151, "column": 55 }
        },
        "loc": {
          "start": { "line": 151, "column": 55 },
          "end": { "line": 151, "column": 81 }
        }
      },
      "47": {
        "name": "(anonymous_47)",
        "decl": {
          "start": { "line": 155, "column": 8 },
          "end": { "line": 155, "column": 14 }
        },
        "loc": {
          "start": { "line": 155, "column": 14 },
          "end": { "line": 157, "column": 5 }
        }
      }
    },
    "branchMap": {},
    "s": {
      "0": 1,
      "1": 1,
      "2": 1,
      "3": 1,
      "4": 1,
      "5": 1,
      "6": 1,
      "7": 1,
      "8": 1,
      "9": 1,
      "10": 1,
      "11": 1,
      "12": 1,
      "13": 1,
      "14": 1,
      "15": 1,
      "16": 1,
      "17": 1,
      "18": 1,
      "19": 1,
      "20": 1,
      "21": 1,
      "22": 1,
      "23": 1,
      "24": 2,
      "25": 1,
      "26": 1,
      "27": 1,
      "28": 1,
      "29": 1,
      "30": 1,
      "31": 3,
      "32": 1,
      "33": 1,
      "34": 2,
      "35": 1,
      "36": 1,
      "37": 1,
      "38": 1,
      "39": 1,
      "40": 1,
      "41": 1,
      "42": 1,
      "43": 1,
      "44": 1,
      "45": 1,
      "46": 1,
      "47": 1,
      "48": 1,
      "49": 2,
      "50": 1,
      "51": 1,
      "52": 1,
      "53": 1,
      "54": 1,
      "55": 1,
      "56": 2,
      "57": 1,
      "58": 1,
      "59": 1,
      "60": 1,
      "61": 1,
      "62": 1,
      "63": 1,
      "64": 1,
      "65": 4,
      "66": 1,
      "67": 1,
      "68": 2,
      "69": 1,
      "70": 1,
      "71": 1,
      "72": 1,
      "73": 1,
      "74": 1,
      "75": 1,
      "76": 1,
      "77": 1,
      "78": 1,
      "79": 1,
      "80": 1,
      "81": 2,
      "82": 1,
      "83": 1,
      "84": 1,
      "85": 2,
      "86": 1,
      "87": 1,
      "88": 1,
      "89": 1,
      "90": 1,
      "91": 1,
      "92": 1,
      "93": 1,
      "94": 1,
      "95": 1,
      "96": 1,
      "97": 1,
      "98": 1,
      "99": 1,
      "100": 1,
      "101": 1,
      "102": 1,
      "103": 1
    },
    "f": {
      "0": 1,
      "1": 1,
      "2": 1,
      "3": 1,
      "4": 1,
      "5": 1,
      "6": 1,
      "7": 1,
      "8": 1,
      "9": 1,
      "10": 1,
      "11": 1,
      "12": 2,
      "13": 1,
      "14": 1,
      "15": 3,
      "16": 1,
      "17": 2,
      "18": 1,
      "19": 1,
      "20": 1,
      "21": 1,
      "22": 1,
      "23": 2,
      "24": 1,
      "25": 1,
      "26": 2,
      "27": 1,
      "28": 1,
      "29": 1,
      "30": 4,
      "31": 1,
      "32": 2,
      "33": 1,
      "34": 1,
      "35": 1,
      "36": 1,
      "37": 1,
      "38": 2,
      "39": 1,
      "40": 2,
      "41": 1,
      "42": 1,
      "43": 1,
      "44": 1,
      "45": 1,
      "46": 1,
      "47": 1
    },
    "b": {}
  },
  "C:/Users/Eylmz/WebstormProjects/epubsub/packages/react/src/main.ts": {
    "path": "C:/Users/Eylmz/WebstormProjects/epubsub/packages/react/src/main.ts",
    "statementMap": {
      "0": {
        "start": { "line": 12, "column": 20 },
        "end": { "line": 12, "column": null }
      },
      "1": {
        "start": { "line": 14, "column": 2 },
        "end": { "line": 16, "column": null }
      },
      "2": {
        "start": { "line": 15, "column": 4 },
        "end": { "line": 15, "column": null }
      },
      "3": {
        "start": { "line": 18, "column": 2 },
        "end": { "line": 18, "column": null }
      },
      "4": {
        "start": { "line": 29, "column": 17 },
        "end": { "line": 29, "column": null }
      },
      "5": {
        "start": { "line": 31, "column": 2 },
        "end": { "line": 31, "column": null }
      },
      "6": {
        "start": { "line": 31, "column": 34 },
        "end": { "line": 31, "column": 56 }
      },
      "7": {
        "start": { "line": 45, "column": 17 },
        "end": { "line": 45, "column": null }
      },
      "8": {
        "start": { "line": 46, "column": 30 },
        "end": { "line": 46, "column": null }
      },
      "9": {
        "start": { "line": 48, "column": 2 },
        "end": { "line": 54, "column": null }
      },
      "10": {
        "start": { "line": 49, "column": 24 },
        "end": { "line": 49, "column": null }
      },
      "11": {
        "start": { "line": 49, "column": 51 },
        "end": { "line": 49, "column": null }
      },
      "12": {
        "start": { "line": 49, "column": 71 },
        "end": { "line": 49, "column": 89 }
      },
      "13": {
        "start": { "line": 51, "column": 4 },
        "end": { "line": 51, "column": null }
      },
      "14": {
        "start": { "line": 53, "column": 4 },
        "end": { "line": 53, "column": null }
      },
      "15": {
        "start": { "line": 53, "column": 18 },
        "end": { "line": 53, "column": null }
      },
      "16": {
        "start": { "line": 56, "column": 2 },
        "end": { "line": 56, "column": null }
      },
      "17": {
        "start": { "line": 68, "column": 28 },
        "end": { "line": 68, "column": null }
      },
      "18": {
        "start": { "line": 69, "column": 17 },
        "end": { "line": 69, "column": null }
      },
      "19": {
        "start": { "line": 71, "column": 2 },
        "end": { "line": 77, "column": null }
      },
      "20": {
        "start": { "line": 72, "column": 24 },
        "end": { "line": 72, "column": null }
      },
      "21": {
        "start": { "line": 72, "column": 51 },
        "end": { "line": 72, "column": null }
      },
      "22": {
        "start": { "line": 74, "column": 4 },
        "end": { "line": 74, "column": null }
      },
      "23": {
        "start": { "line": 76, "column": 4 },
        "end": { "line": 76, "column": null }
      },
      "24": {
        "start": { "line": 76, "column": 17 },
        "end": { "line": 76, "column": null }
      },
      "25": {
        "start": { "line": 79, "column": 2 },
        "end": { "line": 79, "column": null }
      }
    },
    "fnMap": {
      "0": {
        "name": "usePubSub",
        "decl": {
          "start": { "line": 11, "column": 16 },
          "end": { "line": 11, "column": 33 }
        },
        "loc": {
          "start": { "line": 11, "column": 52 },
          "end": { "line": 19, "column": null }
        }
      },
      "1": {
        "name": "usePublish",
        "decl": {
          "start": { "line": 28, "column": 16 },
          "end": { "line": 28, "column": 30 }
        },
        "loc": {
          "start": { "line": 28, "column": 49 },
          "end": { "line": 32, "column": null }
        }
      },
      "2": {
        "name": "(anonymous_2)",
        "decl": {
          "start": { "line": 31, "column": 21 },
          "end": { "line": 31, "column": 22 }
        },
        "loc": {
          "start": { "line": 31, "column": 34 },
          "end": { "line": 31, "column": 56 }
        }
      },
      "3": {
        "name": "useSubscribe",
        "decl": {
          "start": { "line": 41, "column": 16 },
          "end": { "line": 41, "column": null }
        },
        "loc": {
          "start": { "line": 44, "column": 2 },
          "end": { "line": 57, "column": null }
        }
      },
      "4": {
        "name": "(anonymous_4)",
        "decl": {
          "start": { "line": 48, "column": 12 },
          "end": { "line": 48, "column": 18 }
        },
        "loc": {
          "start": { "line": 48, "column": 18 },
          "end": { "line": 54, "column": 5 }
        }
      },
      "5": {
        "name": "(anonymous_5)",
        "decl": {
          "start": { "line": 49, "column": 24 },
          "end": { "line": 49, "column": 25 }
        },
        "loc": {
          "start": { "line": 49, "column": 51 },
          "end": { "line": 49, "column": null }
        }
      },
      "6": {
        "name": "(anonymous_6)",
        "decl": {
          "start": { "line": 49, "column": 61 },
          "end": { "line": 49, "column": 71 }
        },
        "loc": {
          "start": { "line": 49, "column": 71 },
          "end": { "line": 49, "column": 89 }
        }
      },
      "7": {
        "name": "(anonymous_7)",
        "decl": {
          "start": { "line": 53, "column": 11 },
          "end": { "line": 53, "column": 18 }
        },
        "loc": {
          "start": { "line": 53, "column": 18 },
          "end": { "line": 53, "column": null }
        }
      },
      "8": {
        "name": "useSingleSubscribe",
        "decl": {
          "start": { "line": 67, "column": 16 },
          "end": { "line": 67, "column": 38 }
        },
        "loc": {
          "start": { "line": 67, "column": 57 },
          "end": { "line": 80, "column": null }
        }
      },
      "9": {
        "name": "(anonymous_9)",
        "decl": {
          "start": { "line": 71, "column": 12 },
          "end": { "line": 71, "column": 18 }
        },
        "loc": {
          "start": { "line": 71, "column": 18 },
          "end": { "line": 77, "column": 5 }
        }
      },
      "10": {
        "name": "(anonymous_10)",
        "decl": {
          "start": { "line": 72, "column": 24 },
          "end": { "line": 72, "column": 25 }
        },
        "loc": {
          "start": { "line": 72, "column": 51 },
          "end": { "line": 72, "column": null }
        }
      },
      "11": {
        "name": "(anonymous_11)",
        "decl": {
          "start": { "line": 76, "column": 11 },
          "end": { "line": 76, "column": 17 }
        },
        "loc": {
          "start": { "line": 76, "column": 17 },
          "end": { "line": 76, "column": null }
        }
      }
    },
    "branchMap": {
      "0": {
        "loc": {
          "start": { "line": 14, "column": 2 },
          "end": { "line": 16, "column": null }
        },
        "type": "if",
        "locations": [
          {
            "start": { "line": 14, "column": 2 },
            "end": { "line": 16, "column": null }
          },
          { "start": {}, "end": {} }
        ]
      },
      "1": {
        "loc": {
          "start": { "line": 43, "column": 2 },
          "end": { "line": 43, "column": null }
        },
        "type": "default-arg",
        "locations": [
          {
            "start": { "line": 43, "column": 35 },
            "end": { "line": 43, "column": null }
          }
        ]
      }
    },
    "s": {
      "0": 28,
      "1": 28,
      "2": 21,
      "3": 28,
      "4": 9,
      "5": 9,
      "6": 12,
      "7": 8,
      "8": 8,
      "9": 8,
      "10": 4,
      "11": 5,
      "12": 5,
      "13": 4,
      "14": 4,
      "15": 1,
      "16": 8,
      "17": 7,
      "18": 7,
      "19": 7,
      "20": 4,
      "21": 3,
      "22": 4,
      "23": 4,
      "24": 1,
      "25": 7
    },
    "f": {
      "0": 28,
      "1": 9,
      "2": 12,
      "3": 8,
      "4": 4,
      "5": 5,
      "6": 5,
      "7": 1,
      "8": 7,
      "9": 4,
      "10": 3,
      "11": 1
    },
    "b": { "0": [21, 7], "1": [6] }
  }
}
